<?xml version="1.0" encoding="UTF-8"?>
<testsuite name="notePadFirstOne" tests="1" skipped="0" failures="0" errors="0" timestamp="2019-06-12T19:11:37" hostname="SBeast-Lin" time="11.396">
  <properties/>
  <testcase name="note" classname="notePadFirstOne" time="11.396"/>
  <system-out><![CDATA[]]></system-out>
  <system-err><![CDATA[SLF4J: Failed to load class "org.slf4j.impl.StaticLoggerBinder".
SLF4J: Defaulting to no-operation (NOP) logger implementation
SLF4J: See http://www.slf4j.org/codes.html#StaticLoggerBinder for further details.
Starting ChromeDriver 74.0.3729.6 (255758eccf3d244491b8a1317aa76e1ce10d57e9-refs/branch-heads/3729@{#29}) on port 26472
Only local connections are allowed.
Please protect ports used by ChromeDriver and related test frameworks to prevent access by malicious code.
июн. 12, 2019 10:11:40 PM org.openqa.selenium.remote.ProtocolHandshake createSession
INFO: Detected dialect: OSS
]]></system-err>
</testsuite>
